<?xml version="1.0" encoding="UTF-8"?>
<!-- Generated by org.testng.reporters.JUnitReportReporter -->
<testsuite hostname="Rizals-MacBook-Pro.local" failures="0" tests="5" name="negativeFlow" time="7.588" errors="0" timestamp="2025-09-16T13:39:15 WIB" skipped="0">
  <testcase classname="negativeFlow" name="bookingIdDoesNotExist" time="1.912"/>
  <testcase classname="negativeFlow" name="updateBookingWithoutAuth" time="1.395"/>
  <testcase classname="negativeFlow" name="updateBookingWithInvalidAuth" time="1.447"/>
  <testcase classname="negativeFlow" name="createBookingWithInvalidData" time="1.408"/>
  <testcase classname="negativeFlow" name="authWithInvalidCredentials" time="1.426"/>
</testsuite> <!-- negativeFlow -->
