<?xml version="1.0" encoding="UTF-8"?>
<!-- Generated by org.testng.reporters.JUnitReportReporter -->
<testsuite hostname="Rizals-MacBook-Pro.local" failures="0" tests="5" name="negativeFlow" time="6.162" errors="0" timestamp="2025-09-16T20:03:31 WIB" skipped="0">
  <testcase classname="negativeFlow" name="createBookingWithInvalidData" time="1.230"/>
  <testcase classname="negativeFlow" name="updateBookingWithInvalidAuth" time="1.215"/>
  <testcase classname="negativeFlow" name="bookingIdDoesNotExist" time="1.205"/>
  <testcase classname="negativeFlow" name="updateBookingWithoutAuth" time="1.260"/>
  <testcase classname="negativeFlow" name="authWithInvalidCredentials" time="1.252"/>
</testsuite> <!-- negativeFlow -->
