<?xml version="1.0" encoding="UTF-8"?>
<!-- Generated by org.testng.reporters.JUnitReportReporter -->
<testsuite hostname="Rizals-MacBook-Pro.local" failures="0" tests="6" name="happyFlow" time="7.746" errors="0" timestamp="2025-09-16T13:39:15 WIB" skipped="0">
  <testcase classname="happyFlow" name="createBooking" time="1.418"/>
  <testcase classname="happyFlow" name="assertBookingAfterCreate" time="1.331"/>
  <testcase classname="happyFlow" name="updateBooking" time="1.209"/>
  <testcase classname="happyFlow" name="assertBookingAfterUpdate" time="1.270"/>
  <testcase classname="happyFlow" name="deleteBooking" time="1.283"/>
  <testcase classname="happyFlow" name="assertBookingAfterDelete" time="1.235"/>
</testsuite> <!-- happyFlow -->
